2017-11-01 12:27:38,626 - INFO - allennlp.common.params - dataset_reader.type = jsonl_classification_reader
2017-11-01 12:27:38,626 - INFO - allennlp.common.params - dataset_reader.tokenizer.type = word
2017-11-01 12:27:38,626 - INFO - allennlp.common.params - dataset_reader.tokenizer.word_splitter.type = spacy
2017-11-01 12:27:38,626 - INFO - allennlp.common.params - dataset_reader.tokenizer.word_splitter.language = en
2017-11-01 12:27:38,626 - INFO - allennlp.common.params - dataset_reader.tokenizer.word_splitter.pos_tags = False
2017-11-01 12:27:38,626 - INFO - allennlp.common.params - dataset_reader.tokenizer.word_splitter.parse = False
2017-11-01 12:27:38,626 - INFO - allennlp.common.params - dataset_reader.tokenizer.word_splitter.ner = False
2017-11-01 12:27:40,935 - INFO - allennlp.common.params - dataset_reader.tokenizer.word_filter.type = pass_through
2017-11-01 12:27:40,935 - INFO - allennlp.common.params - dataset_reader.tokenizer.word_stemmer.type = pass_through
2017-11-01 12:27:40,935 - INFO - allennlp.common.params - dataset_reader.tokenizer.start_tokens = None
2017-11-01 12:27:40,935 - INFO - allennlp.common.params - dataset_reader.tokenizer.end_tokens = None
2017-11-01 12:27:40,936 - INFO - allennlp.common.params - dataset_reader.input = reviewText
2017-11-01 12:27:40,936 - INFO - allennlp.common.params - dataset_reader.gold_label = overall
2017-11-01 12:27:40,936 - INFO - allennlp.common.params - dataset_reader.token_indexers.tokens.type = single_id
2017-11-01 12:27:40,936 - INFO - allennlp.common.params - dataset_reader.token_indexers.tokens.namespace = tokens
2017-11-01 12:27:40,936 - INFO - allennlp.common.params - dataset_reader.token_indexers.tokens.lowercase_tokens = True
2017-11-01 12:27:40,936 - INFO - allennlp.common.params - train_data_path = data/amazon_reviews_video_games_5-1000.json.train
2017-11-01 12:27:40,936 - INFO - allennlp.commands.train - Reading training data from data/amazon_reviews_video_games_5-1000.json.train
2017-11-01 12:27:40,937 - INFO - custom.readers - Reading JSONline instances from jsonl dataset at: data/amazon_reviews_video_games_5-1000.json.train
2017-11-01 12:27:42,212 - INFO - allennlp.common.params - validation_data_path = data/amazon_reviews_video_games_5-1000.json.dev
2017-11-01 12:27:42,212 - INFO - allennlp.commands.train - Reading validation data from data/amazon_reviews_video_games_5-1000.json.dev
2017-11-01 12:27:42,212 - INFO - custom.readers - Reading JSONline instances from jsonl dataset at: data/amazon_reviews_video_games_5-1000.json.dev
2017-11-01 12:27:42,882 - INFO - allennlp.common.params - test_data_path = None
2017-11-01 12:27:42,882 - INFO - allennlp.commands.train - Creating a vocabulary using train, validation data.
2017-11-01 12:27:42,884 - INFO - allennlp.common.params - vocabulary.directory_path = None
2017-11-01 12:27:42,884 - INFO - allennlp.common.params - vocabulary.min_count = 1
2017-11-01 12:27:42,885 - INFO - allennlp.common.params - vocabulary.max_vocab_size = None
2017-11-01 12:27:42,885 - INFO - allennlp.common.params - vocabulary.non_padded_namespaces = ('*tags', '*labels')
2017-11-01 12:27:42,885 - INFO - allennlp.data.vocabulary - Fitting token dictionary from dataset.
2017-11-01 12:27:43,416 - WARNING - root - vocabulary serialization directory experiments/ouput/boe/vocabulary is not empty
2017-11-01 12:27:43,450 - INFO - allennlp.common.params - model.type = sequence_classifier
2017-11-01 12:27:43,450 - INFO - allennlp.common.params - model.text_field_embedder.type = basic
2017-11-01 12:27:43,451 - INFO - allennlp.common.params - model.text_field_embedder.tokens.type = embedding
2017-11-01 12:27:43,451 - INFO - allennlp.common.params - model.text_field_embedder.tokens.num_embeddings = None
2017-11-01 12:27:43,451 - INFO - allennlp.common.params - model.text_field_embedder.tokens.vocab_namespace = tokens
2017-11-01 12:27:43,451 - INFO - allennlp.common.params - model.text_field_embedder.tokens.embedding_dim = 300
2017-11-01 12:27:43,451 - INFO - allennlp.common.params - model.text_field_embedder.tokens.pretrained_file = None
2017-11-01 12:27:43,451 - INFO - allennlp.common.params - model.text_field_embedder.tokens.projection_dim = None
2017-11-01 12:27:43,451 - INFO - allennlp.common.params - model.text_field_embedder.tokens.trainable = True
2017-11-01 12:27:43,451 - INFO - allennlp.common.params - model.text_field_embedder.tokens.padding_index = None
2017-11-01 12:27:43,451 - INFO - allennlp.common.params - model.text_field_embedder.tokens.max_norm = None
2017-11-01 12:27:43,451 - INFO - allennlp.common.params - model.text_field_embedder.tokens.norm_type = 2.0
2017-11-01 12:27:43,451 - INFO - allennlp.common.params - model.text_field_embedder.tokens.scale_grad_by_freq = False
2017-11-01 12:27:43,452 - INFO - allennlp.common.params - model.text_field_embedder.tokens.sparse = False
2017-11-01 12:27:43,591 - INFO - allennlp.common.params - model.encoder.type = boe
2017-11-01 12:27:43,591 - INFO - allennlp.common.params - model.encoder.embedding_dim = 300
2017-11-01 12:27:43,591 - INFO - allennlp.common.params - model.encoder.averaged = False
2017-11-01 12:27:43,591 - INFO - allennlp.common.params - model.initializer = []
2017-11-01 12:27:43,591 - INFO - allennlp.common.params - model.regularizer = []
2017-11-01 12:27:43,591 - INFO - allennlp.nn.initializers - Initializing parameters
2017-11-01 12:27:43,591 - INFO - allennlp.nn.initializers - Done initializing parameters; the following parameters are using their default initialization from their code
2017-11-01 12:27:43,592 - INFO - allennlp.nn.initializers -    projection_layer.bias
2017-11-01 12:27:43,592 - INFO - allennlp.nn.initializers -    projection_layer.weight
2017-11-01 12:27:43,592 - INFO - allennlp.nn.initializers -    text_field_embedder.token_embedder_tokens.weight
2017-11-01 12:27:43,592 - INFO - allennlp.common.params - iterator.type = bucket
2017-11-01 12:27:43,592 - INFO - allennlp.common.params - iterator.sorting_keys = []
2017-11-01 12:27:43,592 - INFO - allennlp.common.params - iterator.padding_noise = 0.1
2017-11-01 12:27:43,592 - INFO - allennlp.common.params - iterator.biggest_batch_first = False
2017-11-01 12:27:43,592 - INFO - allennlp.common.params - iterator.batch_size = 128
2017-11-01 12:27:43,592 - INFO - allennlp.data.dataset - Indexing dataset
2017-11-01 12:27:43,970 - INFO - allennlp.data.dataset - Indexing dataset
2017-11-01 12:27:44,346 - INFO - allennlp.common.params - trainer.patience = 10
2017-11-01 12:27:44,346 - INFO - allennlp.common.params - trainer.validation_metric = -loss
2017-11-01 12:27:44,346 - INFO - allennlp.common.params - trainer.num_epochs = 10
2017-11-01 12:27:44,347 - INFO - allennlp.common.params - trainer.cuda_device = -1
2017-11-01 12:27:44,347 - INFO - allennlp.common.params - trainer.grad_norm = None
2017-11-01 12:27:44,347 - INFO - allennlp.common.params - trainer.grad_clipping = None
2017-11-01 12:27:44,347 - INFO - allennlp.common.params - trainer.learning_rate_scheduler = None
2017-11-01 12:27:44,347 - INFO - allennlp.common.params - trainer.optimizer.type = adam
2017-11-01 12:27:44,347 - INFO - allennlp.common.params - Converting Params object to dict; logging of default values will not occur when dictionary parameters are used subsequently.
2017-11-01 12:27:44,347 - INFO - allennlp.common.params - CURRENTLY DEFINED PARAMETERS: 
2017-11-01 12:27:44,347 - INFO - allennlp.common.params - trainer.no_tqdm = False
2017-11-01 12:27:44,352 - INFO - allennlp.common.params - evaluate_on_test = False
2017-11-01 12:27:44,352 - INFO - allennlp.training.trainer - Beginning training.
2017-11-01 12:27:44,352 - INFO - allennlp.training.trainer - Epoch 0/9
2017-11-01 12:27:44,352 - INFO - allennlp.training.trainer - Training
2017-11-01 12:27:57,871 - INFO - allennlp.training.trainer - Validating
2017-11-01 12:28:03,826 - INFO - allennlp.training.trainer - Best validation performance so far. Copying weights to 'experiments/ouput/boe/best.th'.
2017-11-01 12:28:03,848 - INFO - allennlp.training.trainer - Training accuracy : 0.325000    Validation accuracy : 0.452000 
2017-11-01 12:28:03,849 - INFO - allennlp.training.trainer - Training loss : 10.599142    Validation loss : 8.422974 
2017-11-01 12:28:03,849 - INFO - allennlp.training.trainer - Epoch duration: 00:00:19
2017-11-01 12:28:03,849 - INFO - allennlp.training.trainer - Estimated training time remaining: 00:02:55
2017-11-01 12:28:03,850 - INFO - allennlp.training.trainer - Epoch 1/9
2017-11-01 12:28:03,850 - INFO - allennlp.training.trainer - Training
2017-11-01 12:28:23,517 - INFO - allennlp.common.params - dataset_reader.type = jsonl_classification_reader
2017-11-01 12:28:23,518 - INFO - allennlp.common.params - dataset_reader.tokenizer.type = word
2017-11-01 12:28:23,518 - INFO - allennlp.common.params - dataset_reader.tokenizer.word_splitter.type = spacy
2017-11-01 12:28:23,518 - INFO - allennlp.common.params - dataset_reader.tokenizer.word_splitter.language = en
2017-11-01 12:28:23,518 - INFO - allennlp.common.params - dataset_reader.tokenizer.word_splitter.pos_tags = False
2017-11-01 12:28:23,518 - INFO - allennlp.common.params - dataset_reader.tokenizer.word_splitter.parse = False
2017-11-01 12:28:23,518 - INFO - allennlp.common.params - dataset_reader.tokenizer.word_splitter.ner = False
2017-11-01 12:28:25,836 - INFO - allennlp.common.params - dataset_reader.tokenizer.word_filter.type = pass_through
2017-11-01 12:28:25,837 - INFO - allennlp.common.params - dataset_reader.tokenizer.word_stemmer.type = pass_through
2017-11-01 12:28:25,837 - INFO - allennlp.common.params - dataset_reader.tokenizer.start_tokens = None
2017-11-01 12:28:25,837 - INFO - allennlp.common.params - dataset_reader.tokenizer.end_tokens = None
2017-11-01 12:28:25,837 - INFO - allennlp.common.params - dataset_reader.input = reviewText
2017-11-01 12:28:25,837 - INFO - allennlp.common.params - dataset_reader.gold_label = overall
2017-11-01 12:28:25,837 - INFO - allennlp.common.params - dataset_reader.token_indexers.tokens.type = single_id
2017-11-01 12:28:25,837 - INFO - allennlp.common.params - dataset_reader.token_indexers.tokens.namespace = tokens
2017-11-01 12:28:25,837 - INFO - allennlp.common.params - dataset_reader.token_indexers.tokens.lowercase_tokens = True
2017-11-01 12:28:25,837 - INFO - allennlp.common.params - train_data_path = data/amazon_reviews_video_games_5-1000.json.train
2017-11-01 12:28:25,838 - INFO - allennlp.commands.train - Reading training data from data/amazon_reviews_video_games_5-1000.json.train
2017-11-01 12:28:25,838 - INFO - custom.readers - Reading JSONline instances from jsonl dataset at: data/amazon_reviews_video_games_5-1000.json.train
2017-11-01 12:28:27,112 - INFO - allennlp.common.params - validation_data_path = data/amazon_reviews_video_games_5-1000.json.dev
2017-11-01 12:28:27,113 - INFO - allennlp.commands.train - Reading validation data from data/amazon_reviews_video_games_5-1000.json.dev
2017-11-01 12:28:27,113 - INFO - custom.readers - Reading JSONline instances from jsonl dataset at: data/amazon_reviews_video_games_5-1000.json.dev
2017-11-01 12:28:27,791 - INFO - allennlp.common.params - test_data_path = None
2017-11-01 12:28:27,791 - INFO - allennlp.commands.train - Creating a vocabulary using train, validation data.
2017-11-01 12:28:27,793 - INFO - allennlp.common.params - vocabulary.directory_path = None
2017-11-01 12:28:27,793 - INFO - allennlp.common.params - vocabulary.min_count = 1
2017-11-01 12:28:27,793 - INFO - allennlp.common.params - vocabulary.max_vocab_size = None
2017-11-01 12:28:27,794 - INFO - allennlp.common.params - vocabulary.non_padded_namespaces = ('*tags', '*labels')
2017-11-01 12:28:27,794 - INFO - allennlp.data.vocabulary - Fitting token dictionary from dataset.
2017-11-01 12:28:28,323 - WARNING - root - vocabulary serialization directory experiments/ouput/boe/vocabulary is not empty
2017-11-01 12:28:28,358 - INFO - allennlp.common.params - model.type = sequence_classifier
2017-11-01 12:28:28,359 - INFO - allennlp.common.params - model.text_field_embedder.type = basic
2017-11-01 12:28:28,359 - INFO - allennlp.common.params - model.text_field_embedder.tokens.type = embedding
2017-11-01 12:28:28,359 - INFO - allennlp.common.params - model.text_field_embedder.tokens.num_embeddings = None
2017-11-01 12:28:28,359 - INFO - allennlp.common.params - model.text_field_embedder.tokens.vocab_namespace = tokens
2017-11-01 12:28:28,359 - INFO - allennlp.common.params - model.text_field_embedder.tokens.embedding_dim = 300
2017-11-01 12:28:28,359 - INFO - allennlp.common.params - model.text_field_embedder.tokens.pretrained_file = None
2017-11-01 12:28:28,359 - INFO - allennlp.common.params - model.text_field_embedder.tokens.projection_dim = None
2017-11-01 12:28:28,359 - INFO - allennlp.common.params - model.text_field_embedder.tokens.trainable = True
2017-11-01 12:28:28,359 - INFO - allennlp.common.params - model.text_field_embedder.tokens.padding_index = None
2017-11-01 12:28:28,359 - INFO - allennlp.common.params - model.text_field_embedder.tokens.max_norm = None
2017-11-01 12:28:28,360 - INFO - allennlp.common.params - model.text_field_embedder.tokens.norm_type = 2.0
2017-11-01 12:28:28,360 - INFO - allennlp.common.params - model.text_field_embedder.tokens.scale_grad_by_freq = False
2017-11-01 12:28:28,360 - INFO - allennlp.common.params - model.text_field_embedder.tokens.sparse = False
2017-11-01 12:28:28,496 - INFO - allennlp.common.params - model.encoder.type = boe
2017-11-01 12:28:28,496 - INFO - allennlp.common.params - model.encoder.embedding_dim = 300
2017-11-01 12:28:28,496 - INFO - allennlp.common.params - model.encoder.averaged = False
2017-11-01 12:28:28,496 - INFO - allennlp.common.params - model.initializer = []
2017-11-01 12:28:28,496 - INFO - allennlp.common.params - model.regularizer = []
2017-11-01 12:28:28,497 - INFO - allennlp.nn.initializers - Initializing parameters
2017-11-01 12:28:28,497 - INFO - allennlp.nn.initializers - Done initializing parameters; the following parameters are using their default initialization from their code
2017-11-01 12:28:28,497 - INFO - allennlp.nn.initializers -    projection_layer.bias
2017-11-01 12:28:28,497 - INFO - allennlp.nn.initializers -    projection_layer.weight
2017-11-01 12:28:28,497 - INFO - allennlp.nn.initializers -    text_field_embedder.token_embedder_tokens.weight
2017-11-01 12:28:28,497 - INFO - allennlp.common.params - iterator.type = bucket
2017-11-01 12:28:28,497 - INFO - allennlp.common.params - iterator.sorting_keys = []
2017-11-01 12:28:28,497 - INFO - allennlp.common.params - iterator.padding_noise = 0.1
2017-11-01 12:28:28,497 - INFO - allennlp.common.params - iterator.biggest_batch_first = False
2017-11-01 12:28:28,497 - INFO - allennlp.common.params - iterator.batch_size = 128
2017-11-01 12:28:28,497 - INFO - allennlp.data.dataset - Indexing dataset
2017-11-01 12:28:28,858 - INFO - allennlp.data.dataset - Indexing dataset
2017-11-01 12:28:29,225 - INFO - allennlp.common.params - trainer.patience = 10
2017-11-01 12:28:29,225 - INFO - allennlp.common.params - trainer.validation_metric = -loss
2017-11-01 12:28:29,225 - INFO - allennlp.common.params - trainer.num_epochs = 10
2017-11-01 12:28:29,225 - INFO - allennlp.common.params - trainer.cuda_device = -1
2017-11-01 12:28:29,225 - INFO - allennlp.common.params - trainer.grad_norm = None
2017-11-01 12:28:29,225 - INFO - allennlp.common.params - trainer.grad_clipping = None
2017-11-01 12:28:29,225 - INFO - allennlp.common.params - trainer.learning_rate_scheduler = None
2017-11-01 12:28:29,225 - INFO - allennlp.common.params - trainer.optimizer.type = adam
2017-11-01 12:28:29,226 - INFO - allennlp.common.params - Converting Params object to dict; logging of default values will not occur when dictionary parameters are used subsequently.
2017-11-01 12:28:29,226 - INFO - allennlp.common.params - CURRENTLY DEFINED PARAMETERS: 
2017-11-01 12:28:29,226 - INFO - allennlp.common.params - trainer.no_tqdm = False
2017-11-01 12:28:29,231 - INFO - allennlp.common.params - evaluate_on_test = False
2017-11-01 12:28:29,282 - INFO - allennlp.training.trainer - Beginning training.
2017-11-01 12:28:29,282 - INFO - allennlp.training.trainer - Epoch 1/9
2017-11-01 12:28:29,283 - INFO - allennlp.training.trainer - Training
2017-11-01 12:28:41,897 - INFO - allennlp.common.params - dataset_reader.type = jsonl_classification_reader
2017-11-01 12:28:41,897 - INFO - allennlp.common.params - dataset_reader.tokenizer.type = word
2017-11-01 12:28:41,897 - INFO - allennlp.common.params - dataset_reader.tokenizer.word_splitter.type = spacy
2017-11-01 12:28:41,897 - INFO - allennlp.common.params - dataset_reader.tokenizer.word_splitter.language = en
2017-11-01 12:28:41,897 - INFO - allennlp.common.params - dataset_reader.tokenizer.word_splitter.pos_tags = False
2017-11-01 12:28:41,897 - INFO - allennlp.common.params - dataset_reader.tokenizer.word_splitter.parse = False
2017-11-01 12:28:41,897 - INFO - allennlp.common.params - dataset_reader.tokenizer.word_splitter.ner = False
2017-11-01 12:28:44,169 - INFO - allennlp.common.params - dataset_reader.tokenizer.word_filter.type = pass_through
2017-11-01 12:28:44,169 - INFO - allennlp.common.params - dataset_reader.tokenizer.word_stemmer.type = pass_through
2017-11-01 12:28:44,169 - INFO - allennlp.common.params - dataset_reader.tokenizer.start_tokens = None
2017-11-01 12:28:44,169 - INFO - allennlp.common.params - dataset_reader.tokenizer.end_tokens = None
2017-11-01 12:28:44,169 - INFO - allennlp.common.params - dataset_reader.input = reviewText
2017-11-01 12:28:44,169 - INFO - allennlp.common.params - dataset_reader.gold_label = overall
2017-11-01 12:28:44,169 - INFO - allennlp.common.params - dataset_reader.token_indexers.tokens.type = single_id
2017-11-01 12:28:44,169 - INFO - allennlp.common.params - dataset_reader.token_indexers.tokens.namespace = tokens
2017-11-01 12:28:44,170 - INFO - allennlp.common.params - dataset_reader.token_indexers.tokens.lowercase_tokens = True
2017-11-01 12:28:44,170 - INFO - allennlp.common.params - train_data_path = data/amazon_reviews_video_games_5-1000.json.train
2017-11-01 12:28:44,170 - INFO - allennlp.commands.train - Reading training data from data/amazon_reviews_video_games_5-1000.json.train
2017-11-01 12:28:44,170 - INFO - custom.readers - Reading JSONline instances from jsonl dataset at: data/amazon_reviews_video_games_5-1000.json.train
2017-11-01 12:28:45,391 - INFO - allennlp.common.params - validation_data_path = data/amazon_reviews_video_games_5-1000.json.dev
2017-11-01 12:28:45,392 - INFO - allennlp.commands.train - Reading validation data from data/amazon_reviews_video_games_5-1000.json.dev
2017-11-01 12:28:45,392 - INFO - custom.readers - Reading JSONline instances from jsonl dataset at: data/amazon_reviews_video_games_5-1000.json.dev
2017-11-01 12:28:46,044 - INFO - allennlp.common.params - test_data_path = None
2017-11-01 12:28:46,045 - INFO - allennlp.commands.train - Creating a vocabulary using train, validation data.
2017-11-01 12:28:46,047 - INFO - allennlp.common.params - vocabulary.directory_path = None
2017-11-01 12:28:46,047 - INFO - allennlp.common.params - vocabulary.min_count = 1
2017-11-01 12:28:46,047 - INFO - allennlp.common.params - vocabulary.max_vocab_size = None
2017-11-01 12:28:46,047 - INFO - allennlp.common.params - vocabulary.non_padded_namespaces = ('*tags', '*labels')
2017-11-01 12:28:46,047 - INFO - allennlp.data.vocabulary - Fitting token dictionary from dataset.
2017-11-01 12:28:46,602 - WARNING - root - vocabulary serialization directory experiments/ouput/boe/vocabulary is not empty
2017-11-01 12:28:46,638 - INFO - allennlp.common.params - model.type = sequence_classifier
2017-11-01 12:28:46,638 - INFO - allennlp.common.params - model.text_field_embedder.type = basic
2017-11-01 12:28:46,638 - INFO - allennlp.common.params - model.text_field_embedder.tokens.type = embedding
2017-11-01 12:28:46,638 - INFO - allennlp.common.params - model.text_field_embedder.tokens.num_embeddings = None
2017-11-01 12:28:46,638 - INFO - allennlp.common.params - model.text_field_embedder.tokens.vocab_namespace = tokens
2017-11-01 12:28:46,638 - INFO - allennlp.common.params - model.text_field_embedder.tokens.embedding_dim = 300
2017-11-01 12:28:46,638 - INFO - allennlp.common.params - model.text_field_embedder.tokens.pretrained_file = None
2017-11-01 12:28:46,639 - INFO - allennlp.common.params - model.text_field_embedder.tokens.projection_dim = None
2017-11-01 12:28:46,639 - INFO - allennlp.common.params - model.text_field_embedder.tokens.trainable = True
2017-11-01 12:28:46,639 - INFO - allennlp.common.params - model.text_field_embedder.tokens.padding_index = None
2017-11-01 12:28:46,639 - INFO - allennlp.common.params - model.text_field_embedder.tokens.max_norm = None
2017-11-01 12:28:46,639 - INFO - allennlp.common.params - model.text_field_embedder.tokens.norm_type = 2.0
2017-11-01 12:28:46,639 - INFO - allennlp.common.params - model.text_field_embedder.tokens.scale_grad_by_freq = False
2017-11-01 12:28:46,639 - INFO - allennlp.common.params - model.text_field_embedder.tokens.sparse = False
2017-11-01 12:28:46,777 - INFO - allennlp.common.params - model.encoder.type = boe
2017-11-01 12:28:46,778 - INFO - allennlp.common.params - model.encoder.embedding_dim = 300
2017-11-01 12:28:46,778 - INFO - allennlp.common.params - model.encoder.averaged = False
2017-11-01 12:28:46,778 - INFO - allennlp.common.params - model.initializer = []
2017-11-01 12:28:46,778 - INFO - allennlp.common.params - model.regularizer = []
2017-11-01 12:28:46,778 - INFO - allennlp.nn.initializers - Initializing parameters
2017-11-01 12:28:46,778 - INFO - allennlp.nn.initializers - Done initializing parameters; the following parameters are using their default initialization from their code
2017-11-01 12:28:46,778 - INFO - allennlp.nn.initializers -    projection_layer.bias
2017-11-01 12:28:46,779 - INFO - allennlp.nn.initializers -    projection_layer.weight
2017-11-01 12:28:46,779 - INFO - allennlp.nn.initializers -    text_field_embedder.token_embedder_tokens.weight
2017-11-01 12:28:46,779 - INFO - allennlp.common.params - iterator.type = bucket
2017-11-01 12:28:46,779 - INFO - allennlp.common.params - iterator.sorting_keys = []
2017-11-01 12:28:46,779 - INFO - allennlp.common.params - iterator.padding_noise = 0.1
2017-11-01 12:28:46,779 - INFO - allennlp.common.params - iterator.biggest_batch_first = False
2017-11-01 12:28:46,779 - INFO - allennlp.common.params - iterator.batch_size = 128
2017-11-01 12:28:46,779 - INFO - allennlp.data.dataset - Indexing dataset
2017-11-01 12:28:47,175 - INFO - allennlp.data.dataset - Indexing dataset
2017-11-01 12:28:47,555 - INFO - allennlp.common.params - trainer.patience = 10
2017-11-01 12:28:47,555 - INFO - allennlp.common.params - trainer.validation_metric = -loss
2017-11-01 12:28:47,555 - INFO - allennlp.common.params - trainer.num_epochs = 10
2017-11-01 12:28:47,555 - INFO - allennlp.common.params - trainer.cuda_device = -1
2017-11-01 12:28:47,555 - INFO - allennlp.common.params - trainer.grad_norm = None
2017-11-01 12:28:47,555 - INFO - allennlp.common.params - trainer.grad_clipping = None
2017-11-01 12:28:47,555 - INFO - allennlp.common.params - trainer.learning_rate_scheduler = None
2017-11-01 12:28:47,555 - INFO - allennlp.common.params - trainer.optimizer.type = adam
2017-11-01 12:28:47,556 - INFO - allennlp.common.params - Converting Params object to dict; logging of default values will not occur when dictionary parameters are used subsequently.
2017-11-01 12:28:47,556 - INFO - allennlp.common.params - CURRENTLY DEFINED PARAMETERS: 
2017-11-01 12:28:47,556 - INFO - allennlp.common.params - trainer.no_tqdm = False
2017-11-01 12:28:47,560 - INFO - allennlp.common.params - evaluate_on_test = False
2017-11-01 12:28:47,608 - INFO - allennlp.training.trainer - Beginning training.
2017-11-01 12:28:47,609 - INFO - allennlp.training.trainer - Epoch 1/9
2017-11-01 12:28:47,609 - INFO - allennlp.training.trainer - Training
2017-11-01 12:29:00,968 - INFO - allennlp.training.trainer - Validating
2017-11-01 12:29:06,646 - INFO - allennlp.training.trainer - Best validation performance so far. Copying weights to 'experiments/ouput/boe/best.th'.
2017-11-01 12:29:06,672 - INFO - allennlp.training.trainer - Training accuracy : 0.380000    Validation accuracy : 0.349000 
2017-11-01 12:29:06,673 - INFO - allennlp.training.trainer - Training loss : 7.545936    Validation loss : 5.880596 
2017-11-01 12:29:06,673 - INFO - allennlp.training.trainer - Epoch duration: 00:00:19
2017-11-01 12:29:06,674 - INFO - allennlp.training.trainer - Estimated training time remaining: 00:02:32
2017-11-01 12:29:06,674 - INFO - allennlp.training.trainer - Epoch 2/9
2017-11-01 12:29:06,674 - INFO - allennlp.training.trainer - Training
2017-11-01 12:29:20,651 - INFO - allennlp.common.params - dataset_reader.type = jsonl_classification_reader
2017-11-01 12:29:20,651 - INFO - allennlp.common.params - dataset_reader.tokenizer.type = word
2017-11-01 12:29:20,651 - INFO - allennlp.common.params - dataset_reader.tokenizer.word_splitter.type = spacy
2017-11-01 12:29:20,651 - INFO - allennlp.common.params - dataset_reader.tokenizer.word_splitter.language = en
2017-11-01 12:29:20,652 - INFO - allennlp.common.params - dataset_reader.tokenizer.word_splitter.pos_tags = False
2017-11-01 12:29:20,652 - INFO - allennlp.common.params - dataset_reader.tokenizer.word_splitter.parse = False
2017-11-01 12:29:20,652 - INFO - allennlp.common.params - dataset_reader.tokenizer.word_splitter.ner = False
2017-11-01 12:29:22,959 - INFO - allennlp.common.params - dataset_reader.tokenizer.word_filter.type = pass_through
2017-11-01 12:29:22,959 - INFO - allennlp.common.params - dataset_reader.tokenizer.word_stemmer.type = pass_through
2017-11-01 12:29:22,959 - INFO - allennlp.common.params - dataset_reader.tokenizer.start_tokens = None
2017-11-01 12:29:22,960 - INFO - allennlp.common.params - dataset_reader.tokenizer.end_tokens = None
2017-11-01 12:29:22,960 - INFO - allennlp.common.params - dataset_reader.input = reviewText
2017-11-01 12:29:22,960 - INFO - allennlp.common.params - dataset_reader.gold_label = overall
2017-11-01 12:29:22,960 - INFO - allennlp.common.params - dataset_reader.token_indexers.tokens.type = single_id
2017-11-01 12:29:22,960 - INFO - allennlp.common.params - dataset_reader.token_indexers.tokens.namespace = tokens
2017-11-01 12:29:22,960 - INFO - allennlp.common.params - dataset_reader.token_indexers.tokens.lowercase_tokens = True
2017-11-01 12:29:22,960 - INFO - allennlp.common.params - train_data_path = data/amazon_reviews_video_games_5-1000.json.train
2017-11-01 12:29:22,960 - INFO - allennlp.commands.train - Reading training data from data/amazon_reviews_video_games_5-1000.json.train
2017-11-01 12:29:22,961 - INFO - custom.readers - Reading JSONline instances from jsonl dataset at: data/amazon_reviews_video_games_5-1000.json.train
2017-11-01 12:29:24,224 - INFO - allennlp.common.params - validation_data_path = data/amazon_reviews_video_games_5-1000.json.dev
2017-11-01 12:29:24,225 - INFO - allennlp.commands.train - Reading validation data from data/amazon_reviews_video_games_5-1000.json.dev
2017-11-01 12:29:24,225 - INFO - custom.readers - Reading JSONline instances from jsonl dataset at: data/amazon_reviews_video_games_5-1000.json.dev
2017-11-01 12:29:24,888 - INFO - allennlp.common.params - test_data_path = None
2017-11-01 12:29:24,888 - INFO - allennlp.commands.train - Creating a vocabulary using train, validation data.
2017-11-01 12:29:24,891 - INFO - allennlp.common.params - vocabulary.directory_path = None
2017-11-01 12:29:24,891 - INFO - allennlp.common.params - vocabulary.min_count = 1
2017-11-01 12:29:24,891 - INFO - allennlp.common.params - vocabulary.max_vocab_size = None
2017-11-01 12:29:24,891 - INFO - allennlp.common.params - vocabulary.non_padded_namespaces = ('*tags', '*labels')
2017-11-01 12:29:24,892 - INFO - allennlp.data.vocabulary - Fitting token dictionary from dataset.
2017-11-01 12:29:25,434 - WARNING - root - vocabulary serialization directory experiments/ouput/boe/vocabulary is not empty
2017-11-01 12:29:25,467 - INFO - allennlp.common.params - model.type = sequence_classifier
2017-11-01 12:29:25,467 - INFO - allennlp.common.params - model.text_field_embedder.type = basic
2017-11-01 12:29:25,467 - INFO - allennlp.common.params - model.text_field_embedder.tokens.type = embedding
2017-11-01 12:29:25,467 - INFO - allennlp.common.params - model.text_field_embedder.tokens.num_embeddings = None
2017-11-01 12:29:25,467 - INFO - allennlp.common.params - model.text_field_embedder.tokens.vocab_namespace = tokens
2017-11-01 12:29:25,467 - INFO - allennlp.common.params - model.text_field_embedder.tokens.embedding_dim = 300
2017-11-01 12:29:25,468 - INFO - allennlp.common.params - model.text_field_embedder.tokens.pretrained_file = None
2017-11-01 12:29:25,468 - INFO - allennlp.common.params - model.text_field_embedder.tokens.projection_dim = None
2017-11-01 12:29:25,468 - INFO - allennlp.common.params - model.text_field_embedder.tokens.trainable = True
2017-11-01 12:29:25,468 - INFO - allennlp.common.params - model.text_field_embedder.tokens.padding_index = None
2017-11-01 12:29:25,468 - INFO - allennlp.common.params - model.text_field_embedder.tokens.max_norm = None
2017-11-01 12:29:25,468 - INFO - allennlp.common.params - model.text_field_embedder.tokens.norm_type = 2.0
2017-11-01 12:29:25,468 - INFO - allennlp.common.params - model.text_field_embedder.tokens.scale_grad_by_freq = False
2017-11-01 12:29:25,468 - INFO - allennlp.common.params - model.text_field_embedder.tokens.sparse = False
2017-11-01 12:29:25,614 - INFO - allennlp.common.params - model.encoder.type = boe
2017-11-01 12:29:25,615 - INFO - allennlp.common.params - model.encoder.embedding_dim = 300
2017-11-01 12:29:25,615 - INFO - allennlp.common.params - model.encoder.averaged = False
2017-11-01 12:29:25,615 - INFO - allennlp.common.params - model.initializer = []
2017-11-01 12:29:25,615 - INFO - allennlp.common.params - model.regularizer = []
2017-11-01 12:29:25,615 - INFO - allennlp.nn.initializers - Initializing parameters
2017-11-01 12:29:25,615 - INFO - allennlp.nn.initializers - Done initializing parameters; the following parameters are using their default initialization from their code
2017-11-01 12:29:25,615 - INFO - allennlp.nn.initializers -    projection_layer.bias
2017-11-01 12:29:25,615 - INFO - allennlp.nn.initializers -    projection_layer.weight
2017-11-01 12:29:25,615 - INFO - allennlp.nn.initializers -    text_field_embedder.token_embedder_tokens.weight
2017-11-01 12:29:25,616 - INFO - allennlp.common.params - iterator.type = bucket
2017-11-01 12:29:25,616 - INFO - allennlp.common.params - iterator.sorting_keys = []
2017-11-01 12:29:25,616 - INFO - allennlp.common.params - iterator.padding_noise = 0.1
2017-11-01 12:29:25,616 - INFO - allennlp.common.params - iterator.biggest_batch_first = False
2017-11-01 12:29:25,616 - INFO - allennlp.common.params - iterator.batch_size = 128
2017-11-01 12:29:25,616 - INFO - allennlp.data.dataset - Indexing dataset
2017-11-01 12:29:25,984 - INFO - allennlp.data.dataset - Indexing dataset
2017-11-01 12:29:26,350 - INFO - allennlp.common.params - trainer.patience = 10
2017-11-01 12:29:26,350 - INFO - allennlp.common.params - trainer.validation_metric = -loss
2017-11-01 12:29:26,351 - INFO - allennlp.common.params - trainer.num_epochs = 1
2017-11-01 12:29:26,351 - INFO - allennlp.common.params - trainer.cuda_device = -1
2017-11-01 12:29:26,351 - INFO - allennlp.common.params - trainer.grad_norm = None
2017-11-01 12:29:26,351 - INFO - allennlp.common.params - trainer.grad_clipping = None
2017-11-01 12:29:26,351 - INFO - allennlp.common.params - trainer.learning_rate_scheduler = None
2017-11-01 12:29:26,351 - INFO - allennlp.common.params - trainer.optimizer.type = adam
2017-11-01 12:29:26,351 - INFO - allennlp.common.params - Converting Params object to dict; logging of default values will not occur when dictionary parameters are used subsequently.
2017-11-01 12:29:26,351 - INFO - allennlp.common.params - CURRENTLY DEFINED PARAMETERS: 
2017-11-01 12:29:26,351 - INFO - allennlp.common.params - trainer.no_tqdm = False
2017-11-01 12:29:26,356 - INFO - allennlp.common.params - evaluate_on_test = False
2017-11-01 12:29:26,408 - INFO - allennlp.training.trainer - Beginning training.
2017-11-01 12:29:26,408 - INFO - allennlp.models.archival - archiving weights and vocabulary to experiments/ouput/boe/model.tar.gz
